REND	51009079	-
REND	1391760	et
REND	1028017	aq
REND	660928	g
REND	349208	i
REND	224712	fr
REND	103046	c
REND	87536	b
REND	59047	k
REND	29682	sub
REND	23845	up
REND	7971	in
REND	4089	u
REND	2488	right
REND	78	frac
REND	38	ov
REND	38	un
REND	32	hochgestellt
REND	16	uu
REND	1	rotRight270

CTX	54700761	text
CTX	4430985	note_foot
CTX	1291176	lg
CTX	687386	end
CTX	674602	front
CTX	232222	back
CTX	177149	note_left
CTX	177149	right
CTX	98991	stage
CTX	96366	head
CTX	56739	speaker
CTX	32927	argument
CTX	25555	cit
